0 info it worked if it ends with ok
1 verbose cli [ 'E:\\Node\\node.exe',
1 verbose cli   'E:\\Node\\node_modules\\npm\\bin\\npm-cli.js',
1 verbose cli   'start' ]
2 info using npm@3.10.10
3 info using node@v6.10.1
4 verbose run-script [ 'prestart', 'start', 'poststart' ]
5 info lifecycle angular-quickstart@1.0.0~prestart: angular-quickstart@1.0.0
6 verbose lifecycle angular-quickstart@1.0.0~prestart: unsafe-perm in lifecycle true
7 verbose lifecycle angular-quickstart@1.0.0~prestart: PATH: E:\Node\node_modules\npm\bin\node-gyp-bin;F:\git projects\ytwo-version-control\frontend\node_modules\.bin;C:\Windows\system32;C:\Windows;C:\Windows\System32\Wbem;C:\Windows\System32\WindowsPowerShell\v1.0\;C:\Program Files (x86)\NVIDIA Corporation\PhysX\Common;C:\Windows\system32\config\systemprofile\.dnx\bin;C:\Program Files\Microsoft DNX\Dnvm\;C:\Program Files (x86)\Windows Kits\8.1\Windows Performance Toolkit\;C:\Program Files\Microsoft SQL Server\120\Tools\Binn\;C:\Program Files\Microsoft SQL Server\130\Tools\Binn\;E:\Node\;C:\Program Files\Git\cmd;C:\Program Files\MySQL\MySQL Utilities 1.6\;;E:\Microsoft VS Code\bin;C:\Users\zhuht\AppData\Roaming\npm
8 verbose lifecycle angular-quickstart@1.0.0~prestart: CWD: F:\git projects\ytwo-version-control\frontend
9 silly lifecycle angular-quickstart@1.0.0~prestart: Args: [ '/d /s /c', 'npm run build' ]
10 silly lifecycle angular-quickstart@1.0.0~prestart: Returned: code: 0  signal: null
11 info lifecycle angular-quickstart@1.0.0~start: angular-quickstart@1.0.0
12 verbose lifecycle angular-quickstart@1.0.0~start: unsafe-perm in lifecycle true
13 verbose lifecycle angular-quickstart@1.0.0~start: PATH: E:\Node\node_modules\npm\bin\node-gyp-bin;F:\git projects\ytwo-version-control\frontend\node_modules\.bin;C:\Windows\system32;C:\Windows;C:\Windows\System32\Wbem;C:\Windows\System32\WindowsPowerShell\v1.0\;C:\Program Files (x86)\NVIDIA Corporation\PhysX\Common;C:\Windows\system32\config\systemprofile\.dnx\bin;C:\Program Files\Microsoft DNX\Dnvm\;C:\Program Files (x86)\Windows Kits\8.1\Windows Performance Toolkit\;C:\Program Files\Microsoft SQL Server\120\Tools\Binn\;C:\Program Files\Microsoft SQL Server\130\Tools\Binn\;E:\Node\;C:\Program Files\Git\cmd;C:\Program Files\MySQL\MySQL Utilities 1.6\;;E:\Microsoft VS Code\bin;C:\Users\zhuht\AppData\Roaming\npm
14 verbose lifecycle angular-quickstart@1.0.0~start: CWD: F:\git projects\ytwo-version-control\frontend
15 silly lifecycle angular-quickstart@1.0.0~start: Args: [ '/d /s /c',
15 silly lifecycle   'concurrently "npm run build:watch" "npm run serve"' ]
16 verbose stack Error: kill ENOSYS
16 verbose stack     at exports._errnoException (util.js:1018:11)
16 verbose stack     at process.kill (internal/process.js:190:13)
16 verbose stack     at process.listener (E:\Node\node_modules\npm\node_modules\npmlog\node_modules\gauge\node_modules\signal-exit\index.js:86:15)
16 verbose stack     at emitNone (events.js:91:20)
16 verbose stack     at process.emit (events.js:185:7)
16 verbose stack     at processEmit (E:\Node\node_modules\npm\node_modules\npmlog\node_modules\gauge\node_modules\signal-exit\index.js:146:32)
16 verbose stack     at processEmit (E:\Node\node_modules\npm\node_modules\npm-registry-client\node_modules\npmlog\node_modules\gauge\node_modules\signal-exit\index.js:146:32)
16 verbose stack     at Signal.wrap.onsignal (internal/process.js:217:44)
17 verbose cwd F:\git projects\ytwo-version-control\frontend
18 error Windows_NT 6.1.7601
19 error argv "E:\\Node\\node.exe" "E:\\Node\\node_modules\\npm\\bin\\npm-cli.js" "start"
20 error node v6.10.1
21 error npm  v3.10.10
22 error code ENOSYS
23 error errno ENOSYS
24 error syscall kill
25 error kill ENOSYS
26 error If you need help, you may report this error at:
26 error     <https://github.com/npm/npm/issues>
27 verbose exit [ 1, true ]
